<?xml version="1.0" encoding="UTF-8"?>
<!-- Generated by org.testng.reporters.JUnitReportReporter -->
<testsuite skipped="0" hostname="DESKTOP-3AEADCQ" name="com.hubspot.qa.tests.ContactsPageTest" tests="6" failures="0" timestamp="02 Nov 2018 03:11:14 GMT" time="135.478" errors="0">
  <testcase name="createContactTest" time="22.034" classname="com.hubspot.qa.tests.ContactsPageTest"/>
  <testcase name="createContactTest" time="23.063" classname="com.hubspot.qa.tests.ContactsPageTest"/>
  <testcase name="createContactTest" time="21.830" classname="com.hubspot.qa.tests.ContactsPageTest"/>
  <testcase name="createContactTest" time="22.901" classname="com.hubspot.qa.tests.ContactsPageTest"/>
  <testcase name="createContactTest" time="23.475" classname="com.hubspot.qa.tests.ContactsPageTest"/>
  <testcase name="createContactTest" time="22.175" classname="com.hubspot.qa.tests.ContactsPageTest"/>
</testsuite> <!-- com.hubspot.qa.tests.ContactsPageTest -->
