<?xml version="1.0" encoding="UTF-8"?>
<!-- Generated by org.testng.reporters.JUnitReportReporter -->
<testsuite skipped="0" hostname="DESKTOP-3AEADCQ" name="com.hubspot.qa.tests.HomePageTest" tests="3" failures="0" timestamp="02 Nov 2018 10:48:13 GMT" time="35.159" errors="0">
  <testcase name="homePageHeaderTest" time="12.319" classname="com.hubspot.qa.tests.HomePageTest"/>
  <testcase name="homePageTitleTest" time="10.756" classname="com.hubspot.qa.tests.HomePageTest"/>
  <testcase name="accountNameTest" time="12.084" classname="com.hubspot.qa.tests.HomePageTest"/>
</testsuite> <!-- com.hubspot.qa.tests.HomePageTest -->
