<?xml version="1.0" encoding="UTF-8"?>
<!-- Generated by org.testng.reporters.JUnitReportReporter -->
<testsuite skipped="0" hostname="DESKTOP-3AEADCQ" name="com.hubspot.qa.tests.HomePageTest" tests="3" failures="0" timestamp="10 Nov 2018 04:15:25 GMT" time="36.019" errors="0">
  <testcase name="homePageHeaderTest" time="12.619" classname="com.hubspot.qa.tests.HomePageTest"/>
  <testcase name="homePageTitleTest" time="10.919" classname="com.hubspot.qa.tests.HomePageTest"/>
  <testcase name="accountNameTest" time="12.481" classname="com.hubspot.qa.tests.HomePageTest"/>
</testsuite> <!-- com.hubspot.qa.tests.HomePageTest -->
