<?xml version="1.0" encoding="UTF-8"?>
<!-- Generated by org.testng.reporters.JUnitReportReporter -->
<testsuite skipped="0" hostname="DESKTOP-3AEADCQ" name="com.hubspot.qa.tests.ContactsPageTest" tests="6" failures="0" timestamp="02 Nov 2018 10:41:57 GMT" time="120.228" errors="0">
  <testcase name="createContactTest" time="21.251" classname="com.hubspot.qa.tests.ContactsPageTest"/>
  <testcase name="createContactTest" time="21.519" classname="com.hubspot.qa.tests.ContactsPageTest"/>
  <testcase name="createContactTest" time="18.594" classname="com.hubspot.qa.tests.ContactsPageTest"/>
  <testcase name="createContactTest" time="20.489" classname="com.hubspot.qa.tests.ContactsPageTest"/>
  <testcase name="createContactTest" time="17.577" classname="com.hubspot.qa.tests.ContactsPageTest"/>
  <testcase name="createContactTest" time="20.798" classname="com.hubspot.qa.tests.ContactsPageTest"/>
</testsuite> <!-- com.hubspot.qa.tests.ContactsPageTest -->
