<?xml version="1.0" encoding="UTF-8"?>
<!-- Generated by org.testng.reporters.JUnitReportReporter -->
<testsuite skipped="0" hostname="DESKTOP-3AEADCQ" name="com.hubspot.qa.tests.ContactsPageTest" tests="6" failures="0" timestamp="10 Nov 2018 04:19:48 GMT" time="117.836" errors="0">
  <testcase name="createContactTest" time="20.690" classname="com.hubspot.qa.tests.ContactsPageTest"/>
  <testcase name="createContactTest" time="21.388" classname="com.hubspot.qa.tests.ContactsPageTest"/>
  <testcase name="createContactTest" time="19.949" classname="com.hubspot.qa.tests.ContactsPageTest"/>
  <testcase name="createContactTest" time="20.362" classname="com.hubspot.qa.tests.ContactsPageTest"/>
  <testcase name="createContactTest" time="17.928" classname="com.hubspot.qa.tests.ContactsPageTest"/>
  <testcase name="createContactTest" time="17.519" classname="com.hubspot.qa.tests.ContactsPageTest"/>
</testsuite> <!-- com.hubspot.qa.tests.ContactsPageTest -->
