<?xml version="1.0" encoding="UTF-8"?>
<!-- Generated by org.testng.reporters.JUnitReportReporter -->
<testsuite skipped="0" hostname="DESKTOP-3AEADCQ" name="com.hubspot.qa.tests.SalesPageTest" tests="2" failures="0" timestamp="21 Nov 2018 05:47:02 GMT" time="37.049" errors="0">
  <testcase name="createDealsTest" time="18.449" classname="com.hubspot.qa.tests.SalesPageTest"/>
  <testcase name="createDealsTest" time="18.600" classname="com.hubspot.qa.tests.SalesPageTest"/>
</testsuite> <!-- com.hubspot.qa.tests.SalesPageTest -->
