<?xml version="1.0" encoding="UTF-8"?>
<!-- Generated by org.testng.reporters.JUnitReportReporter -->
<testsuite skipped="0" hostname="DESKTOP-3AEADCQ" name="com.hubspot.qa.tests.HomePageTest" tests="3" failures="0" timestamp="31 Oct 2018 08:55:05 GMT" time="41.867" errors="0">
  <testcase name="homePageHeaderTest" time="14.620" classname="com.hubspot.qa.tests.HomePageTest"/>
  <testcase name="homePageTitleTest" time="13.055" classname="com.hubspot.qa.tests.HomePageTest"/>
  <testcase name="accountNameTest" time="14.192" classname="com.hubspot.qa.tests.HomePageTest"/>
</testsuite> <!-- com.hubspot.qa.tests.HomePageTest -->
