<?xml version="1.0" encoding="UTF-8"?>
<!-- Generated by org.testng.reporters.JUnitReportReporter -->
<testsuite skipped="0" hostname="DESKTOP-3AEADCQ" name="com.hubspot.qa.tests.LoginTest" tests="2" failures="0" timestamp="02 Nov 2018 10:48:58 GMT" time="13.788" errors="0">
  <testcase name="verifyLoginPageTitleTest" time="6.840" classname="com.hubspot.qa.tests.LoginTest"/>
  <testcase name="loginTest" time="6.948" classname="com.hubspot.qa.tests.LoginTest"/>
</testsuite> <!-- com.hubspot.qa.tests.LoginTest -->
