<?xml version="1.0" encoding="UTF-8"?>
<!-- Generated by org.testng.reporters.JUnitReportReporter -->
<testsuite skipped="0" hostname="DESKTOP-3AEADCQ" name="com.hubspot.qa.tests.LoginTest" tests="2" failures="0" timestamp="31 Oct 2018 09:21:37 GMT" time="17.400" errors="0">
  <testcase name="verifyLoginPageTitleTest" time="7.918" classname="com.hubspot.qa.tests.LoginTest"/>
  <testcase name="loginTest" time="9.482" classname="com.hubspot.qa.tests.LoginTest"/>
</testsuite> <!-- com.hubspot.qa.tests.LoginTest -->
