<?xml version="1.0" encoding="UTF-8"?>
<!-- Generated by org.testng.reporters.JUnitReportReporter -->
<testsuite skipped="0" hostname="DESKTOP-3AEADCQ" name="com.hubspot.qa.tests.LoginTest" tests="2" failures="0" timestamp="10 Nov 2018 04:16:30 GMT" time="14.095" errors="0">
  <testcase name="verifyLoginPageTitleTest" time="7.394" classname="com.hubspot.qa.tests.LoginTest"/>
  <testcase name="loginTest" time="6.701" classname="com.hubspot.qa.tests.LoginTest"/>
</testsuite> <!-- com.hubspot.qa.tests.LoginTest -->
